C51 COMPILER V8.18   DS1302_DRV                                                            07/20/2017 09:38:06 PAGE 1   


C51 COMPILER V8.18, COMPILATION OF MODULE DS1302_DRV
OBJECT MODULE PLACED IN DS1302_drv.OBJ
COMPILER INVOKED BY: C:\Keil\C51\BIN\C51.EXE DS1302_drv.c BROWSE DEBUG OBJECTEXTEND

line level    source

   1          
   2          #include "DS1302_drv.h"
   3          
   4          static void TransmitByte(uint8 TByte)
   5          {
   6   1          uint8 i;
   7   1          for(i = 0;i < 8;i++)
   8   1          {
   9   2                      DS1302_CLK = 0;
  10   2              if(TByte&0x01)
  11   2              {
  12   3                  DS1302_IO = 1;
  13   3              }
  14   2              else
  15   2              {
  16   3                  DS1302_IO = 0;
  17   3              }
  18   2              DS1302_CLK = 1;
  19   2              TByte >>= 1;
  20   2          }
  21   1      }
  22          
  23          /**********************************************
  24          
  25          **********************************************/
  26          static uint8 ReceiveByte(void)
  27          {
  28   1          uint8 i,RecByte;
  29   1          for(i = 0;i < 8;i++)
  30   1          {
  31   2                      DS1302_CLK = 0;
  32   2              RecByte >>= 1;
  33   2              if(DS1302_IO)
  34   2              {
  35   3                  RecByte |= 0x80;
  36   3              }
  37   2              else
  38   2              {
  39   3                  RecByte &= ~0x80;
  40   3              }
  41   2              DS1302_CLK = 1;
  42   2          }
  43   1          return(RecByte);
  44   1      }
  45          
  46          /**********************************************
  47          
  48          **********************************************/
  49          void WriteDS1302(uint8 Adr, uint8 WByte)   //往Adr地址中写入数据WByte
  50          {
  51   1              DS1302_RST = 0;  //看时序，RST开始为低电平
  52   1              DS1302_CLK = 0;  //CLK开始也为低电平
  53   1              DS1302_RST = 1;   //RST在高电平，才可以进行通讯。
  54   1              TransmitByte(Adr);  //先写地址
  55   1              TransmitByte(WByte);  //往刚刚的地址中写入数据
C51 COMPILER V8.18   DS1302_DRV                                                            07/20/2017 09:38:06 PAGE 2   

  56   1              DS1302_RST = 0;    //写完一次数据，RST拉低。
  57   1      }
  58          
  59          
  60          /**********************************************
  61          功能：
  62              从DS1302某地址读一字节数据
  63          
  64          **********************************************/
  65          uint8 ReadDS1302(uint8 Adr)
  66          {
  67   1              unsigned char RByte;
  68   1              DS1302_RST = 0;
  69   1              DS1302_CLK = 0;
  70   1              DS1302_RST = 1;
  71   1              TransmitByte(Adr);
  72   1              RByte = ReceiveByte();
  73   1              DS1302_RST = 0;
  74   1              return(RByte);
  75   1      }


MODULE INFORMATION:   STATIC OVERLAYABLE
   CODE SIZE        =     77    ----
   CONSTANT SIZE    =   ----    ----
   XDATA SIZE       =   ----    ----
   PDATA SIZE       =   ----    ----
   DATA SIZE        =   ----    ----
   IDATA SIZE       =   ----    ----
   BIT SIZE         =   ----    ----
END OF MODULE INFORMATION.


C51 COMPILATION COMPLETE.  0 WARNING(S),  0 ERROR(S)
